<?xml version="1.0" encoding="UTF-8"?>
<testng-results ignored="0" total="1" passed="1" failed="0" skipped="0">
  <reporter-output>
  </reporter-output>
  <suite started-at="2022-09-08T14:10:03 IST" name="Default suite" finished-at="2022-09-08T14:10:03 IST" duration-ms="111">
    <groups>
    </groups>
    <test started-at="2022-09-08T14:10:03 IST" name="Default test" finished-at="2022-09-08T14:10:03 IST" duration-ms="111">
      <class name="sampleTests.Demo">
        <test-method signature="demo()[pri:0, instance:sampleTests.Demo@4e268090]" started-at="2022-09-08T14:10:03 IST" name="demo" finished-at="2022-09-08T14:10:03 IST" duration-ms="30" status="PASS">
          <reporter-output>
          </reporter-output>
        </test-method> <!-- demo -->
      </class> <!-- sampleTests.Demo -->
    </test> <!-- Default test -->
  </suite> <!-- Default suite -->
</testng-results>
